app/build/intermediates/manifest_merge_blame_file/debug/manifest-merger-blame-debug-report.txt
1<?xml version="1.0" encoding="utf-8"?>
2<manifest xmlns:android="http://schemas.android.com/apk/res/android"
3    package="com.example.housinite"
4    android:versionCode="1"
5    android:versionName="1.0" >
6
7    <uses-sdk
8        android:minSdkVersion="24"
8-->src\main\AndroidManifest.xml
9        android:targetSdkVersion="33" />
9-->src\main\AndroidManifest.xml
10
11    <uses-permission android:name="android.permission.INTERNET" />
11-->[com.google.firebase:firebase-auth:22.0.0] AndroidManifest.xml:25:5-67
11-->[com.google.firebase:firebase-auth:22.0.0] AndroidManifest.xml:25:22-64
12    <uses-permission android:name="android.permission.ACCESS_NETWORK_STATE" />
12-->[com.google.firebase:firebase-auth:22.0.0] AndroidManifest.xml:26:5-79
12-->[com.google.firebase:firebase-auth:22.0.0] AndroidManifest.xml:26:22-76
13    <uses-permission android:name="android.permission.WAKE_LOCK" />
13-->[com.google.android.gms:play-services-measurement-api:21.2.2] AndroidManifest.xml:24:5-68
13-->[com.google.android.gms:play-services-measurement-api:21.2.2] AndroidManifest.xml:24:22-65
14    <uses-permission android:name="com.google.android.gms.permission.AD_ID" />
14-->[com.google.android.gms:play-services-measurement-api:21.2.2] AndroidManifest.xml:25:5-79
14-->[com.google.android.gms:play-services-measurement-api:21.2.2] AndroidManifest.xml:25:22-76
15    <uses-permission android:name="com.google.android.finsky.permission.BIND_GET_INSTALL_REFERRER_SERVICE" />
15-->[com.google.android.gms:play-services-measurement:21.2.2] AndroidManifest.xml:26:5-110
15-->[com.google.android.gms:play-services-measurement:21.2.2] AndroidManifest.xml:26:22-107
16
17    <permission
17-->[androidx.core:core:1.12.0-alpha04] AndroidManifest.xml:22:5-24:47
18        android:name="com.example.housinite.DYNAMIC_RECEIVER_NOT_EXPORTED_PERMISSION"
18-->[androidx.core:core:1.12.0-alpha04] AndroidManifest.xml:23:9-81
19        android:protectionLevel="signature" />
19-->[androidx.core:core:1.12.0-alpha04] AndroidManifest.xml:24:9-44
20
21    <uses-permission android:name="com.example.housinite.DYNAMIC_RECEIVER_NOT_EXPORTED_PERMISSION" />
21-->[androidx.core:core:1.12.0-alpha04] AndroidManifest.xml:26:5-97
21-->[androidx.core:core:1.12.0-alpha04] AndroidManifest.xml:26:22-94
22
23    <application
23-->src\main\AndroidManifest.xml:5:5-63:19
24        android:allowBackup="true"
24-->src\main\AndroidManifest.xml:6:9-35
25        android:appComponentFactory="androidx.core.app.CoreComponentFactory"
25-->[androidx.core:core:1.12.0-alpha04] AndroidManifest.xml:28:18-86
26        android:dataExtractionRules="@xml/data_extraction_rules"
26-->src\main\AndroidManifest.xml:7:9-65
27        android:debuggable="true"
28        android:extractNativeLibs="false"
29        android:fullBackupContent="@xml/backup_rules"
29-->src\main\AndroidManifest.xml:8:9-54
30        android:icon="@mipmap/ic_launcher"
30-->src\main\AndroidManifest.xml:9:9-43
31        android:label="@string/app_name"
31-->src\main\AndroidManifest.xml:10:9-41
32        android:roundIcon="@mipmap/ic_launcher_round"
32-->src\main\AndroidManifest.xml:11:9-54
33        android:supportsRtl="true"
33-->src\main\AndroidManifest.xml:12:9-35
34        android:testOnly="true"
35        android:theme="@style/Theme.Housinite" >
35-->src\main\AndroidManifest.xml:13:9-47
36        <activity
36-->src\main\AndroidManifest.xml:15:9-17:40
37            android:name="com.example.housinite.AddHousesActivity"
37-->src\main\AndroidManifest.xml:16:13-46
38            android:exported="false" />
38-->src\main\AndroidManifest.xml:17:13-37
39        <activity
39-->src\main\AndroidManifest.xml:18:9-20:40
40            android:name="com.example.housinite.AddApartmentsActivity"
40-->src\main\AndroidManifest.xml:19:13-50
41            android:exported="false" />
41-->src\main\AndroidManifest.xml:20:13-37
42        <activity
42-->src\main\AndroidManifest.xml:21:9-23:40
43            android:name="com.example.housinite.OwnersLogin"
43-->src\main\AndroidManifest.xml:22:13-40
44            android:exported="false" />
44-->src\main\AndroidManifest.xml:23:13-37
45        <activity
45-->src\main\AndroidManifest.xml:24:9-26:40
46            android:name="com.example.housinite.AgentsUpdateActivity"
46-->src\main\AndroidManifest.xml:25:13-49
47            android:exported="false" />
47-->src\main\AndroidManifest.xml:26:13-37
48        <activity
48-->src\main\AndroidManifest.xml:27:9-29:40
49            android:name="com.example.housinite.Agents"
49-->src\main\AndroidManifest.xml:28:13-35
50            android:exported="false" />
50-->src\main\AndroidManifest.xml:29:13-37
51        <activity
51-->src\main\AndroidManifest.xml:30:9-32:40
52            android:name="com.example.housinite.NotificationsActivity"
52-->src\main\AndroidManifest.xml:31:13-50
53            android:exported="false" />
53-->src\main\AndroidManifest.xml:32:13-37
54        <activity
54-->src\main\AndroidManifest.xml:33:9-35:40
55            android:name="com.example.housinite.HousesActivity"
55-->src\main\AndroidManifest.xml:34:13-43
56            android:exported="false" />
56-->src\main\AndroidManifest.xml:35:13-37
57        <activity
57-->src\main\AndroidManifest.xml:36:9-38:40
58            android:name="com.example.housinite.ApartmentsActivity"
58-->src\main\AndroidManifest.xml:37:13-47
59            android:exported="false" />
59-->src\main\AndroidManifest.xml:38:13-37
60        <activity
60-->src\main\AndroidManifest.xml:39:9-41:40
61            android:name="com.example.housinite.OwnersSignUp"
61-->src\main\AndroidManifest.xml:40:13-41
62            android:exported="false" />
62-->src\main\AndroidManifest.xml:41:13-37
63        <activity
63-->src\main\AndroidManifest.xml:42:9-44:40
64            android:name="com.example.housinite.OwnersActivity"
64-->src\main\AndroidManifest.xml:43:13-43
65            android:exported="false" />
65-->src\main\AndroidManifest.xml:44:13-37
66        <activity
66-->src\main\AndroidManifest.xml:45:9-47:40
67            android:name="com.example.housinite.AgentsSignUp"
67-->src\main\AndroidManifest.xml:46:13-41
68            android:exported="false" />
68-->src\main\AndroidManifest.xml:47:13-37
69        <activity
69-->src\main\AndroidManifest.xml:48:9-50:40
70            android:name="com.example.housinite.AgentsActivity"
70-->src\main\AndroidManifest.xml:49:13-43
71            android:exported="false" />
71-->src\main\AndroidManifest.xml:50:13-37
72        <activity
72-->src\main\AndroidManifest.xml:51:9-59:20
73            android:name="com.example.housinite.Splashscreen"
73-->src\main\AndroidManifest.xml:52:13-41
74            android:exported="true" >
74-->src\main\AndroidManifest.xml:53:13-36
75            <intent-filter>
75-->src\main\AndroidManifest.xml:54:13-58:29
76                <action android:name="android.intent.action.MAIN" />
76-->src\main\AndroidManifest.xml:55:17-69
76-->src\main\AndroidManifest.xml:55:25-66
77
78                <category android:name="android.intent.category.LAUNCHER" />
78-->src\main\AndroidManifest.xml:57:17-77
78-->src\main\AndroidManifest.xml:57:27-74
79            </intent-filter>
80        </activity>
81        <activity
81-->src\main\AndroidManifest.xml:60:9-62:40
82            android:name="com.example.housinite.MainActivity"
82-->src\main\AndroidManifest.xml:61:13-41
83            android:exported="false" />
83-->src\main\AndroidManifest.xml:62:13-37
84
85        <service
85-->[com.google.firebase:firebase-auth-ktx:22.0.0] AndroidManifest.xml:8:9-14:19
86            android:name="com.google.firebase.components.ComponentDiscoveryService"
86-->[com.google.firebase:firebase-auth-ktx:22.0.0] AndroidManifest.xml:9:13-84
87            android:directBootAware="true"
87-->[com.google.firebase:firebase-common:20.3.2] AndroidManifest.xml:34:13-43
88            android:exported="false" >
88-->[com.google.firebase:firebase-auth-ktx:22.0.0] AndroidManifest.xml:10:13-37
89            <meta-data
89-->[com.google.firebase:firebase-auth-ktx:22.0.0] AndroidManifest.xml:11:13-13:85
90                android:name="com.google.firebase.components:com.google.firebase.auth.ktx.FirebaseAuthKtxRegistrar"
90-->[com.google.firebase:firebase-auth-ktx:22.0.0] AndroidManifest.xml:12:17-116
91                android:value="com.google.firebase.components.ComponentRegistrar" />
91-->[com.google.firebase:firebase-auth-ktx:22.0.0] AndroidManifest.xml:13:17-82
92            <meta-data
92-->[com.google.firebase:firebase-auth:22.0.0] AndroidManifest.xml:69:13-71:85
93                android:name="com.google.firebase.components:com.google.firebase.auth.FirebaseAuthRegistrar"
93-->[com.google.firebase:firebase-auth:22.0.0] AndroidManifest.xml:70:17-109
94                android:value="com.google.firebase.components.ComponentRegistrar" />
94-->[com.google.firebase:firebase-auth:22.0.0] AndroidManifest.xml:71:17-82
95            <meta-data
95-->[com.google.firebase:firebase-database-ktx:20.2.1] AndroidManifest.xml:14:13-16:85
96                android:name="com.google.firebase.components:com.google.firebase.database.ktx.FirebaseDatabaseKtxRegistrar"
96-->[com.google.firebase:firebase-database-ktx:20.2.1] AndroidManifest.xml:15:17-124
97                android:value="com.google.firebase.components.ComponentRegistrar" />
97-->[com.google.firebase:firebase-database-ktx:20.2.1] AndroidManifest.xml:16:17-82
98            <meta-data
98-->[com.google.firebase:firebase-storage-ktx:20.2.0] AndroidManifest.xml:14:13-16:85
99                android:name="com.google.firebase.components:com.google.firebase.storage.ktx.FirebaseStorageKtxRegistrar"
99-->[com.google.firebase:firebase-storage-ktx:20.2.0] AndroidManifest.xml:15:17-122
100                android:value="com.google.firebase.components.ComponentRegistrar" />
100-->[com.google.firebase:firebase-storage-ktx:20.2.0] AndroidManifest.xml:16:17-82
101            <meta-data
101-->[com.google.firebase:firebase-analytics-ktx:21.2.2] AndroidManifest.xml:11:13-13:85
102                android:name="com.google.firebase.components:com.google.firebase.analytics.ktx.FirebaseAnalyticsKtxRegistrar"
102-->[com.google.firebase:firebase-analytics-ktx:21.2.2] AndroidManifest.xml:12:17-126
103                android:value="com.google.firebase.components.ComponentRegistrar" />
103-->[com.google.firebase:firebase-analytics-ktx:21.2.2] AndroidManifest.xml:13:17-82
104            <meta-data
104-->[com.google.firebase:firebase-common-ktx:20.3.2] AndroidManifest.xml:14:13-16:85
105                android:name="com.google.firebase.components:com.google.firebase.ktx.FirebaseCommonKtxRegistrar"
105-->[com.google.firebase:firebase-common-ktx:20.3.2] AndroidManifest.xml:15:17-113
106                android:value="com.google.firebase.components.ComponentRegistrar" />
106-->[com.google.firebase:firebase-common-ktx:20.3.2] AndroidManifest.xml:16:17-82
107            <meta-data
107-->[com.google.firebase:firebase-database:20.2.1] AndroidManifest.xml:31:13-33:85
108                android:name="com.google.firebase.components:com.google.firebase.database.DatabaseRegistrar"
108-->[com.google.firebase:firebase-database:20.2.1] AndroidManifest.xml:32:17-109
109                android:value="com.google.firebase.components.ComponentRegistrar" />
109-->[com.google.firebase:firebase-database:20.2.1] AndroidManifest.xml:33:17-82
110            <meta-data
110-->[com.google.firebase:firebase-storage:20.2.0] AndroidManifest.xml:32:13-34:85
111                android:name="com.google.firebase.components:com.google.firebase.storage.StorageRegistrar"
111-->[com.google.firebase:firebase-storage:20.2.0] AndroidManifest.xml:33:17-107
112                android:value="com.google.firebase.components.ComponentRegistrar" />
112-->[com.google.firebase:firebase-storage:20.2.0] AndroidManifest.xml:34:17-82
113            <meta-data
113-->[com.google.android.gms:play-services-measurement-api:21.2.2] AndroidManifest.xml:31:13-33:85
114                android:name="com.google.firebase.components:com.google.firebase.analytics.connector.internal.AnalyticsConnectorRegistrar"
114-->[com.google.android.gms:play-services-measurement-api:21.2.2] AndroidManifest.xml:32:17-139
115                android:value="com.google.firebase.components.ComponentRegistrar" />
115-->[com.google.android.gms:play-services-measurement-api:21.2.2] AndroidManifest.xml:33:17-82
116            <meta-data
116-->[com.google.firebase:firebase-installations:17.1.3] AndroidManifest.xml:17:13-19:85
117                android:name="com.google.firebase.components:com.google.firebase.installations.FirebaseInstallationsRegistrar"
117-->[com.google.firebase:firebase-installations:17.1.3] AndroidManifest.xml:18:17-127
118                android:value="com.google.firebase.components.ComponentRegistrar" />
118-->[com.google.firebase:firebase-installations:17.1.3] AndroidManifest.xml:19:17-82
119        </service>
120
121        <activity
121-->[com.google.firebase:firebase-auth:22.0.0] AndroidManifest.xml:29:9-46:20
122            android:name="com.google.firebase.auth.internal.GenericIdpActivity"
122-->[com.google.firebase:firebase-auth:22.0.0] AndroidManifest.xml:30:13-80
123            android:excludeFromRecents="true"
123-->[com.google.firebase:firebase-auth:22.0.0] AndroidManifest.xml:31:13-46
124            android:exported="true"
124-->[com.google.firebase:firebase-auth:22.0.0] AndroidManifest.xml:32:13-36
125            android:launchMode="singleTask"
125-->[com.google.firebase:firebase-auth:22.0.0] AndroidManifest.xml:33:13-44
126            android:theme="@android:style/Theme.Translucent.NoTitleBar" >
126-->[com.google.firebase:firebase-auth:22.0.0] AndroidManifest.xml:34:13-72
127            <intent-filter>
127-->[com.google.firebase:firebase-auth:22.0.0] AndroidManifest.xml:35:13-45:29
128                <action android:name="android.intent.action.VIEW" />
128-->[com.google.firebase:firebase-auth:22.0.0] AndroidManifest.xml:36:17-69
128-->[com.google.firebase:firebase-auth:22.0.0] AndroidManifest.xml:36:25-66
129
130                <category android:name="android.intent.category.DEFAULT" />
130-->[com.google.firebase:firebase-auth:22.0.0] AndroidManifest.xml:38:17-76
130-->[com.google.firebase:firebase-auth:22.0.0] AndroidManifest.xml:38:27-73
131                <category android:name="android.intent.category.BROWSABLE" />
131-->[com.google.firebase:firebase-auth:22.0.0] AndroidManifest.xml:39:17-78
131-->[com.google.firebase:firebase-auth:22.0.0] AndroidManifest.xml:39:27-75
132
133                <data
133-->[com.google.firebase:firebase-auth:22.0.0] AndroidManifest.xml:41:17-44:51
134                    android:host="firebase.auth"
134-->[com.google.firebase:firebase-auth:22.0.0] AndroidManifest.xml:42:21-49
135                    android:path="/"
135-->[com.google.firebase:firebase-auth:22.0.0] AndroidManifest.xml:43:21-37
136                    android:scheme="genericidp" />
136-->[com.google.firebase:firebase-auth:22.0.0] AndroidManifest.xml:44:21-48
137            </intent-filter>
138        </activity>
139        <activity
139-->[com.google.firebase:firebase-auth:22.0.0] AndroidManifest.xml:47:9-64:20
140            android:name="com.google.firebase.auth.internal.RecaptchaActivity"
140-->[com.google.firebase:firebase-auth:22.0.0] AndroidManifest.xml:48:13-79
141            android:excludeFromRecents="true"
141-->[com.google.firebase:firebase-auth:22.0.0] AndroidManifest.xml:49:13-46
142            android:exported="true"
142-->[com.google.firebase:firebase-auth:22.0.0] AndroidManifest.xml:50:13-36
143            android:launchMode="singleTask"
143-->[com.google.firebase:firebase-auth:22.0.0] AndroidManifest.xml:51:13-44
144            android:theme="@android:style/Theme.Translucent.NoTitleBar" >
144-->[com.google.firebase:firebase-auth:22.0.0] AndroidManifest.xml:52:13-72
145            <intent-filter>
145-->[com.google.firebase:firebase-auth:22.0.0] AndroidManifest.xml:53:13-63:29
146                <action android:name="android.intent.action.VIEW" />
146-->[com.google.firebase:firebase-auth:22.0.0] AndroidManifest.xml:36:17-69
146-->[com.google.firebase:firebase-auth:22.0.0] AndroidManifest.xml:36:25-66
147
148                <category android:name="android.intent.category.DEFAULT" />
148-->[com.google.firebase:firebase-auth:22.0.0] AndroidManifest.xml:38:17-76
148-->[com.google.firebase:firebase-auth:22.0.0] AndroidManifest.xml:38:27-73
149                <category android:name="android.intent.category.BROWSABLE" />
149-->[com.google.firebase:firebase-auth:22.0.0] AndroidManifest.xml:39:17-78
149-->[com.google.firebase:firebase-auth:22.0.0] AndroidManifest.xml:39:27-75
150
151                <data
151-->[com.google.firebase:firebase-auth:22.0.0] AndroidManifest.xml:41:17-44:51
152                    android:host="firebase.auth"
152-->[com.google.firebase:firebase-auth:22.0.0] AndroidManifest.xml:42:21-49
153                    android:path="/"
153-->[com.google.firebase:firebase-auth:22.0.0] AndroidManifest.xml:43:21-37
154                    android:scheme="recaptcha" />
154-->[com.google.firebase:firebase-auth:22.0.0] AndroidManifest.xml:44:21-48
155            </intent-filter>
156        </activity>
157
158        <provider
158-->[com.google.firebase:firebase-common:20.3.2] AndroidManifest.xml:25:9-30:39
159            android:name="com.google.firebase.provider.FirebaseInitProvider"
159-->[com.google.firebase:firebase-common:20.3.2] AndroidManifest.xml:26:13-77
160            android:authorities="com.example.housinite.firebaseinitprovider"
160-->[com.google.firebase:firebase-common:20.3.2] AndroidManifest.xml:27:13-72
161            android:directBootAware="true"
161-->[com.google.firebase:firebase-common:20.3.2] AndroidManifest.xml:28:13-43
162            android:exported="false"
162-->[com.google.firebase:firebase-common:20.3.2] AndroidManifest.xml:29:13-37
163            android:initOrder="100" />
163-->[com.google.firebase:firebase-common:20.3.2] AndroidManifest.xml:30:13-36
164
165        <receiver
165-->[com.google.android.gms:play-services-measurement:21.2.2] AndroidManifest.xml:29:9-33:20
166            android:name="com.google.android.gms.measurement.AppMeasurementReceiver"
166-->[com.google.android.gms:play-services-measurement:21.2.2] AndroidManifest.xml:30:13-85
167            android:enabled="true"
167-->[com.google.android.gms:play-services-measurement:21.2.2] AndroidManifest.xml:31:13-35
168            android:exported="false" >
168-->[com.google.android.gms:play-services-measurement:21.2.2] AndroidManifest.xml:32:13-37
169        </receiver>
170
171        <service
171-->[com.google.android.gms:play-services-measurement:21.2.2] AndroidManifest.xml:35:9-38:40
172            android:name="com.google.android.gms.measurement.AppMeasurementService"
172-->[com.google.android.gms:play-services-measurement:21.2.2] AndroidManifest.xml:36:13-84
173            android:enabled="true"
173-->[com.google.android.gms:play-services-measurement:21.2.2] AndroidManifest.xml:37:13-35
174            android:exported="false" />
174-->[com.google.android.gms:play-services-measurement:21.2.2] AndroidManifest.xml:38:13-37
175        <service
175-->[com.google.android.gms:play-services-measurement:21.2.2] AndroidManifest.xml:39:9-43:72
176            android:name="com.google.android.gms.measurement.AppMeasurementJobService"
176-->[com.google.android.gms:play-services-measurement:21.2.2] AndroidManifest.xml:40:13-87
177            android:enabled="true"
177-->[com.google.android.gms:play-services-measurement:21.2.2] AndroidManifest.xml:41:13-35
178            android:exported="false"
178-->[com.google.android.gms:play-services-measurement:21.2.2] AndroidManifest.xml:42:13-37
179            android:permission="android.permission.BIND_JOB_SERVICE" />
179-->[com.google.android.gms:play-services-measurement:21.2.2] AndroidManifest.xml:43:13-69
180
181        <activity
181-->[com.google.android.gms:play-services-base:18.1.0] AndroidManifest.xml:20:9-22:45
182            android:name="com.google.android.gms.common.api.GoogleApiActivity"
182-->[com.google.android.gms:play-services-base:18.1.0] AndroidManifest.xml:20:19-85
183            android:exported="false"
183-->[com.google.android.gms:play-services-base:18.1.0] AndroidManifest.xml:22:19-43
184            android:theme="@android:style/Theme.Translucent.NoTitleBar" />
184-->[com.google.android.gms:play-services-base:18.1.0] AndroidManifest.xml:21:19-78
185
186        <meta-data
186-->[com.google.android.gms:play-services-basement:18.1.0] AndroidManifest.xml:21:9-23:69
187            android:name="com.google.android.gms.version"
187-->[com.google.android.gms:play-services-basement:18.1.0] AndroidManifest.xml:22:13-58
188            android:value="@integer/google_play_services_version" />
188-->[com.google.android.gms:play-services-basement:18.1.0] AndroidManifest.xml:23:13-66
189
190        <provider
190-->[androidx.emoji2:emoji2:1.2.0] AndroidManifest.xml:24:9-32:20
191            android:name="androidx.startup.InitializationProvider"
191-->[androidx.emoji2:emoji2:1.2.0] AndroidManifest.xml:25:13-67
192            android:authorities="com.example.housinite.androidx-startup"
192-->[androidx.emoji2:emoji2:1.2.0] AndroidManifest.xml:26:13-68
193            android:exported="false" >
193-->[androidx.emoji2:emoji2:1.2.0] AndroidManifest.xml:27:13-37
194            <meta-data
194-->[androidx.emoji2:emoji2:1.2.0] AndroidManifest.xml:29:13-31:52
195                android:name="androidx.emoji2.text.EmojiCompatInitializer"
195-->[androidx.emoji2:emoji2:1.2.0] AndroidManifest.xml:30:17-75
196                android:value="androidx.startup" />
196-->[androidx.emoji2:emoji2:1.2.0] AndroidManifest.xml:31:17-49
197            <meta-data
197-->[androidx.lifecycle:lifecycle-process:2.4.1] AndroidManifest.xml:31:13-33:52
198                android:name="androidx.lifecycle.ProcessLifecycleInitializer"
198-->[androidx.lifecycle:lifecycle-process:2.4.1] AndroidManifest.xml:32:17-78
199                android:value="androidx.startup" />
199-->[androidx.lifecycle:lifecycle-process:2.4.1] AndroidManifest.xml:33:17-49
200        </provider>
201    </application>
202
203</manifest>